This file contains any messages produced by compilers while
running configure, to aid debugging if configure makes a mistake.

It was created by NDN-RTC configure 2.0.0, which was
generated by GNU Autoconf 2.69.  Invocation command line was

  $ ./configure --prefix=/home/yuanjieli/Desktop/ndnrtc/cpp/build --no-create --no-recursion

## --------- ##
## Platform. ##
## --------- ##

hostname = ubuntu
uname -m = x86_64
uname -r = 4.4.0-31-generic
uname -s = Linux
uname -v = #50~14.04.1-Ubuntu SMP Wed Jul 13 01:07:32 UTC 2016

/usr/bin/uname -p = unknown
/bin/uname -X     = unknown

/bin/arch              = unknown
/usr/bin/arch -k       = unknown
/usr/convex/getsysinfo = unknown
/usr/bin/hostinfo      = unknown
/bin/machine           = unknown
/usr/bin/oslevel       = unknown
/bin/universe          = unknown

PATH: /usr/local/sbin
PATH: /usr/local/bin
PATH: /usr/sbin
PATH: /usr/bin
PATH: /sbin
PATH: /bin
PATH: /usr/games
PATH: /usr/local/games


## ----------- ##
## Core tests. ##
## ----------- ##

configure:2711: loading site script /home/yuanjieli/Desktop/ndnrtc/cpp/build/share/config.site
| CPPFLAGS="-DWEBRTC_POSIX -DBOOST_ASIO_DISABLE_STD_CHRONO" CXXFLAGS="-DWEBRTC_POSIX -DBOOST_ASIO_DISABLE_STD_CHRONO"
| NDNCPPDIR=/home/yuanjieli/Desktop/ndn-cpp/build/include
| NDNCPPLIB=/home/yuanjieli/Desktop/ndn-cpp/build/lib
| OPENFECDIR=/home/yuanjieli/Desktop/openfec_v1.4.2
| WEBRTCDIR=/home/yuanjieli/Desktop/webrtc/webrtc-checkout/src
configure:2852: checking for a BSD-compatible install
configure:2920: result: /usr/bin/install -c
configure:2931: checking whether build environment is sane
configure:2986: result: yes
configure:3137: checking for a thread-safe mkdir -p
configure:3176: result: /bin/mkdir -p
configure:3183: checking for gawk
configure:3213: result: no
configure:3183: checking for mawk
configure:3199: found /usr/bin/mawk
configure:3210: result: mawk
configure:3221: checking whether make sets $(MAKE)
configure:3243: result: yes
configure:3272: checking whether make supports nested variables
configure:3289: result: yes
configure:3413: checking whether to enable maintainer-specific portions of Makefiles
configure:3422: result: no
configure:3446: checking whether make supports nested variables
configure:3463: result: yes
configure:3514: checking build system type
configure:3528: result: x86_64-unknown-linux-gnu
configure:3548: checking host system type
configure:3561: result: x86_64-unknown-linux-gnu
configure:3629: checking for gcc
configure:3645: found /usr/bin/gcc
configure:3656: result: gcc
configure:3885: checking for C compiler version
configure:3894: gcc --version >&5
gcc (Ubuntu 4.8.4-2ubuntu1~14.04.3) 4.8.4
Copyright (C) 2013 Free Software Foundation, Inc.
This is free software; see the source for copying conditions.  There is NO
warranty; not even for MERCHANTABILITY or FITNESS FOR A PARTICULAR PURPOSE.

configure:3905: $? = 0
configure:3894: gcc -v >&5
Using built-in specs.
COLLECT_GCC=gcc
COLLECT_LTO_WRAPPER=/usr/lib/gcc/x86_64-linux-gnu/4.8/lto-wrapper
Target: x86_64-linux-gnu
Configured with: ../src/configure -v --with-pkgversion='Ubuntu 4.8.4-2ubuntu1~14.04.3' --with-bugurl=file:///usr/share/doc/gcc-4.8/README.Bugs --enable-languages=c,c++,java,go,d,fortran,objc,obj-c++ --prefix=/usr --program-suffix=-4.8 --enable-shared --enable-linker-build-id --libexecdir=/usr/lib --without-included-gettext --enable-threads=posix --with-gxx-include-dir=/usr/include/c++/4.8 --libdir=/usr/lib --enable-nls --with-sysroot=/ --enable-clocale=gnu --enable-libstdcxx-debug --enable-libstdcxx-time=yes --enable-gnu-unique-object --disable-libmudflap --enable-plugin --with-system-zlib --disable-browser-plugin --enable-java-awt=gtk --enable-gtk-cairo --with-java-home=/usr/lib/jvm/java-1.5.0-gcj-4.8-amd64/jre --enable-java-home --with-jvm-root-dir=/usr/lib/jvm/java-1.5.0-gcj-4.8-amd64 --with-jvm-jar-dir=/usr/lib/jvm-exports/java-1.5.0-gcj-4.8-amd64 --with-arch-directory=amd64 --with-ecj-jar=/usr/share/java/eclipse-ecj.jar --enable-objc-gc --enable-multiarch --disable-werror --with-arch-32=i686 --with-abi=m64 --with-multilib-list=m32,m64,mx32 --with-tune=generic --enable-checking=release --build=x86_64-linux-gnu --host=x86_64-linux-gnu --target=x86_64-linux-gnu
Thread model: posix
gcc version 4.8.4 (Ubuntu 4.8.4-2ubuntu1~14.04.3) 
configure:3905: $? = 0
configure:3894: gcc -V >&5
gcc: error: unrecognized command line option '-V'
gcc: fatal error: no input files
compilation terminated.
configure:3905: $? = 4
configure:3894: gcc -qversion >&5
gcc: error: unrecognized command line option '-qversion'
gcc: fatal error: no input files
compilation terminated.
configure:3905: $? = 4
configure:3925: checking whether the C compiler works
configure:3947: gcc  -DWEBRTC_POSIX -DBOOST_ASIO_DISABLE_STD_CHRONO  conftest.c  >&5
configure:3951: $? = 0
configure:3999: result: yes
configure:4002: checking for C compiler default output file name
configure:4004: result: a.out
configure:4010: checking for suffix of executables
configure:4017: gcc -o conftest  -DWEBRTC_POSIX -DBOOST_ASIO_DISABLE_STD_CHRONO  conftest.c  >&5
configure:4021: $? = 0
configure:4043: result: 
configure:4065: checking whether we are cross compiling
configure:4073: gcc -o conftest  -DWEBRTC_POSIX -DBOOST_ASIO_DISABLE_STD_CHRONO  conftest.c  >&5
configure:4077: $? = 0
configure:4084: ./conftest
configure:4088: $? = 0
configure:4103: result: no
configure:4108: checking for suffix of object files
configure:4130: gcc -c  -DWEBRTC_POSIX -DBOOST_ASIO_DISABLE_STD_CHRONO conftest.c >&5
configure:4134: $? = 0
configure:4155: result: o
configure:4159: checking whether we are using the GNU C compiler
configure:4178: gcc -c  -DWEBRTC_POSIX -DBOOST_ASIO_DISABLE_STD_CHRONO conftest.c >&5
configure:4178: $? = 0
configure:4187: result: yes
configure:4196: checking whether gcc accepts -g
configure:4216: gcc -c -g -DWEBRTC_POSIX -DBOOST_ASIO_DISABLE_STD_CHRONO conftest.c >&5
configure:4216: $? = 0
configure:4257: result: yes
configure:4274: checking for gcc option to accept ISO C89
configure:4337: gcc  -c -g -O2 -DWEBRTC_POSIX -DBOOST_ASIO_DISABLE_STD_CHRONO conftest.c >&5
configure:4337: $? = 0
configure:4350: result: none needed
configure:4375: checking whether gcc understands -c and -o together
configure:4397: gcc -c conftest.c -o conftest2.o
configure:4400: $? = 0
configure:4397: gcc -c conftest.c -o conftest2.o
configure:4400: $? = 0
configure:4412: result: yes
configure:4440: checking for style of include used by make
configure:4468: result: GNU
configure:4494: checking dependency style of gcc
configure:4605: result: gcc3
configure:4678: checking for g++
configure:4694: found /usr/bin/g++
configure:4705: result: g++
configure:4732: checking for C++ compiler version
configure:4741: g++ --version >&5
g++ (Ubuntu 4.8.4-2ubuntu1~14.04.3) 4.8.4
Copyright (C) 2013 Free Software Foundation, Inc.
This is free software; see the source for copying conditions.  There is NO
warranty; not even for MERCHANTABILITY or FITNESS FOR A PARTICULAR PURPOSE.

configure:4752: $? = 0
configure:4741: g++ -v >&5
Using built-in specs.
COLLECT_GCC=g++
COLLECT_LTO_WRAPPER=/usr/lib/gcc/x86_64-linux-gnu/4.8/lto-wrapper
Target: x86_64-linux-gnu
Configured with: ../src/configure -v --with-pkgversion='Ubuntu 4.8.4-2ubuntu1~14.04.3' --with-bugurl=file:///usr/share/doc/gcc-4.8/README.Bugs --enable-languages=c,c++,java,go,d,fortran,objc,obj-c++ --prefix=/usr --program-suffix=-4.8 --enable-shared --enable-linker-build-id --libexecdir=/usr/lib --without-included-gettext --enable-threads=posix --with-gxx-include-dir=/usr/include/c++/4.8 --libdir=/usr/lib --enable-nls --with-sysroot=/ --enable-clocale=gnu --enable-libstdcxx-debug --enable-libstdcxx-time=yes --enable-gnu-unique-object --disable-libmudflap --enable-plugin --with-system-zlib --disable-browser-plugin --enable-java-awt=gtk --enable-gtk-cairo --with-java-home=/usr/lib/jvm/java-1.5.0-gcj-4.8-amd64/jre --enable-java-home --with-jvm-root-dir=/usr/lib/jvm/java-1.5.0-gcj-4.8-amd64 --with-jvm-jar-dir=/usr/lib/jvm-exports/java-1.5.0-gcj-4.8-amd64 --with-arch-directory=amd64 --with-ecj-jar=/usr/share/java/eclipse-ecj.jar --enable-objc-gc --enable-multiarch --disable-werror --with-arch-32=i686 --with-abi=m64 --with-multilib-list=m32,m64,mx32 --with-tune=generic --enable-checking=release --build=x86_64-linux-gnu --host=x86_64-linux-gnu --target=x86_64-linux-gnu
Thread model: posix
gcc version 4.8.4 (Ubuntu 4.8.4-2ubuntu1~14.04.3) 
configure:4752: $? = 0
configure:4741: g++ -V >&5
g++: error: unrecognized command line option '-V'
g++: fatal error: no input files
compilation terminated.
configure:4752: $? = 4
configure:4741: g++ -qversion >&5
g++: error: unrecognized command line option '-qversion'
g++: fatal error: no input files
compilation terminated.
configure:4752: $? = 4
configure:4756: checking whether we are using the GNU C++ compiler
configure:4775: g++ -c -DWEBRTC_POSIX -DBOOST_ASIO_DISABLE_STD_CHRONO -DWEBRTC_POSIX -DBOOST_ASIO_DISABLE_STD_CHRONO conftest.cpp >&5
configure:4775: $? = 0
configure:4784: result: yes
configure:4793: checking whether g++ accepts -g
configure:4813: g++ -c -g -DWEBRTC_POSIX -DBOOST_ASIO_DISABLE_STD_CHRONO conftest.cpp >&5
configure:4813: $? = 0
configure:4854: result: yes
configure:4879: checking dependency style of g++
configure:4990: result: gcc3
configure:5059: checking for gcc
configure:5075: found /usr/bin/gcc
configure:5086: result: gcc
configure:5111: checking for Objective C compiler version
configure:5120: gcc --version >&5
gcc (Ubuntu 4.8.4-2ubuntu1~14.04.3) 4.8.4
Copyright (C) 2013 Free Software Foundation, Inc.
This is free software; see the source for copying conditions.  There is NO
warranty; not even for MERCHANTABILITY or FITNESS FOR A PARTICULAR PURPOSE.

configure:5131: $? = 0
configure:5120: gcc -v >&5
Using built-in specs.
COLLECT_GCC=gcc
COLLECT_LTO_WRAPPER=/usr/lib/gcc/x86_64-linux-gnu/4.8/lto-wrapper
Target: x86_64-linux-gnu
Configured with: ../src/configure -v --with-pkgversion='Ubuntu 4.8.4-2ubuntu1~14.04.3' --with-bugurl=file:///usr/share/doc/gcc-4.8/README.Bugs --enable-languages=c,c++,java,go,d,fortran,objc,obj-c++ --prefix=/usr --program-suffix=-4.8 --enable-shared --enable-linker-build-id --libexecdir=/usr/lib --without-included-gettext --enable-threads=posix --with-gxx-include-dir=/usr/include/c++/4.8 --libdir=/usr/lib --enable-nls --with-sysroot=/ --enable-clocale=gnu --enable-libstdcxx-debug --enable-libstdcxx-time=yes --enable-gnu-unique-object --disable-libmudflap --enable-plugin --with-system-zlib --disable-browser-plugin --enable-java-awt=gtk --enable-gtk-cairo --with-java-home=/usr/lib/jvm/java-1.5.0-gcj-4.8-amd64/jre --enable-java-home --with-jvm-root-dir=/usr/lib/jvm/java-1.5.0-gcj-4.8-amd64 --with-jvm-jar-dir=/usr/lib/jvm-exports/java-1.5.0-gcj-4.8-amd64 --with-arch-directory=amd64 --with-ecj-jar=/usr/share/java/eclipse-ecj.jar --enable-objc-gc --enable-multiarch --disable-werror --with-arch-32=i686 --with-abi=m64 --with-multilib-list=m32,m64,mx32 --with-tune=generic --enable-checking=release --build=x86_64-linux-gnu --host=x86_64-linux-gnu --target=x86_64-linux-gnu
Thread model: posix
gcc version 4.8.4 (Ubuntu 4.8.4-2ubuntu1~14.04.3) 
configure:5131: $? = 0
configure:5120: gcc -V >&5
gcc: error: unrecognized command line option '-V'
gcc: fatal error: no input files
compilation terminated.
configure:5131: $? = 4
configure:5120: gcc -qversion >&5
gcc: error: unrecognized command line option '-qversion'
gcc: fatal error: no input files
compilation terminated.
configure:5131: $? = 4
configure:5135: checking whether we are using the GNU Objective C compiler
configure:5154: gcc -c  -DWEBRTC_POSIX -DBOOST_ASIO_DISABLE_STD_CHRONO conftest.m >&5
gcc: error trying to exec 'cc1obj': execvp: No such file or directory
configure:5154: $? = 1
configure: failed program was:
| /* confdefs.h */
| #define PACKAGE_NAME "NDN-RTC"
| #define PACKAGE_TARNAME "ndnrtc"
| #define PACKAGE_VERSION "2.0.0"
| #define PACKAGE_STRING "NDN-RTC 2.0.0"
| #define PACKAGE_BUGREPORT "peter@remap.ucla.edu"
| #define PACKAGE_URL "https://github.com/remap/ndnrtc"
| #define NDN_LOGGING 1
| #define NDN_TRACE 1
| #define NDN_INFO 1
| #define NDN_WARN 1
| #define NDN_ERROR 1
| #define NDN_DEBUG 1
| /* end confdefs.h.  */
| 
| int
| main ()
| {
| #ifndef __GNUC__
|        choke me
| #endif
| 
|   ;
|   return 0;
| }
configure:5163: result: no
configure:5172: checking whether gcc accepts -g
configure:5192: gcc -c -g -DWEBRTC_POSIX -DBOOST_ASIO_DISABLE_STD_CHRONO conftest.m >&5
gcc: error trying to exec 'cc1obj': execvp: No such file or directory
configure:5192: $? = 1
configure: failed program was:
| /* confdefs.h */
| #define PACKAGE_NAME "NDN-RTC"
| #define PACKAGE_TARNAME "ndnrtc"
| #define PACKAGE_VERSION "2.0.0"
| #define PACKAGE_STRING "NDN-RTC 2.0.0"
| #define PACKAGE_BUGREPORT "peter@remap.ucla.edu"
| #define PACKAGE_URL "https://github.com/remap/ndnrtc"
| #define NDN_LOGGING 1
| #define NDN_TRACE 1
| #define NDN_INFO 1
| #define NDN_WARN 1
| #define NDN_ERROR 1
| #define NDN_DEBUG 1
| /* end confdefs.h.  */
| 
| int
| main ()
| {
| 
|   ;
|   return 0;
| }
configure:5207: gcc -c  -DWEBRTC_POSIX -DBOOST_ASIO_DISABLE_STD_CHRONO conftest.m >&5
gcc: error trying to exec 'cc1obj': execvp: No such file or directory
configure:5207: $? = 1
configure: failed program was:
| /* confdefs.h */
| #define PACKAGE_NAME "NDN-RTC"
| #define PACKAGE_TARNAME "ndnrtc"
| #define PACKAGE_VERSION "2.0.0"
| #define PACKAGE_STRING "NDN-RTC 2.0.0"
| #define PACKAGE_BUGREPORT "peter@remap.ucla.edu"
| #define PACKAGE_URL "https://github.com/remap/ndnrtc"
| #define NDN_LOGGING 1
| #define NDN_TRACE 1
| #define NDN_INFO 1
| #define NDN_WARN 1
| #define NDN_ERROR 1
| #define NDN_DEBUG 1
| /* end confdefs.h.  */
| 
| int
| main ()
| {
| 
|   ;
|   return 0;
| }
configure:5223: gcc -c -g -DWEBRTC_POSIX -DBOOST_ASIO_DISABLE_STD_CHRONO conftest.m >&5
gcc: error trying to exec 'cc1obj': execvp: No such file or directory
configure:5223: $? = 1
configure: failed program was:
| /* confdefs.h */
| #define PACKAGE_NAME "NDN-RTC"
| #define PACKAGE_TARNAME "ndnrtc"
| #define PACKAGE_VERSION "2.0.0"
| #define PACKAGE_STRING "NDN-RTC 2.0.0"
| #define PACKAGE_BUGREPORT "peter@remap.ucla.edu"
| #define PACKAGE_URL "https://github.com/remap/ndnrtc"
| #define NDN_LOGGING 1
| #define NDN_TRACE 1
| #define NDN_INFO 1
| #define NDN_WARN 1
| #define NDN_ERROR 1
| #define NDN_DEBUG 1
| /* end confdefs.h.  */
| 
| int
| main ()
| {
| 
|   ;
|   return 0;
| }
configure:5233: result: no
configure:5258: checking dependency style of gcc
configure:5367: result: gcc3
configure:5436: checking for g++
configure:5452: found /usr/bin/g++
configure:5463: result: g++
configure:5488: checking for Objective C++ compiler version
configure:5497: g++ --version >&5
g++ (Ubuntu 4.8.4-2ubuntu1~14.04.3) 4.8.4
Copyright (C) 2013 Free Software Foundation, Inc.
This is free software; see the source for copying conditions.  There is NO
warranty; not even for MERCHANTABILITY or FITNESS FOR A PARTICULAR PURPOSE.

configure:5508: $? = 0
configure:5497: g++ -v >&5
Using built-in specs.
COLLECT_GCC=g++
COLLECT_LTO_WRAPPER=/usr/lib/gcc/x86_64-linux-gnu/4.8/lto-wrapper
Target: x86_64-linux-gnu
Configured with: ../src/configure -v --with-pkgversion='Ubuntu 4.8.4-2ubuntu1~14.04.3' --with-bugurl=file:///usr/share/doc/gcc-4.8/README.Bugs --enable-languages=c,c++,java,go,d,fortran,objc,obj-c++ --prefix=/usr --program-suffix=-4.8 --enable-shared --enable-linker-build-id --libexecdir=/usr/lib --without-included-gettext --enable-threads=posix --with-gxx-include-dir=/usr/include/c++/4.8 --libdir=/usr/lib --enable-nls --with-sysroot=/ --enable-clocale=gnu --enable-libstdcxx-debug --enable-libstdcxx-time=yes --enable-gnu-unique-object --disable-libmudflap --enable-plugin --with-system-zlib --disable-browser-plugin --enable-java-awt=gtk --enable-gtk-cairo --with-java-home=/usr/lib/jvm/java-1.5.0-gcj-4.8-amd64/jre --enable-java-home --with-jvm-root-dir=/usr/lib/jvm/java-1.5.0-gcj-4.8-amd64 --with-jvm-jar-dir=/usr/lib/jvm-exports/java-1.5.0-gcj-4.8-amd64 --with-arch-directory=amd64 --with-ecj-jar=/usr/share/java/eclipse-ecj.jar --enable-objc-gc --enable-multiarch --disable-werror --with-arch-32=i686 --with-abi=m64 --with-multilib-list=m32,m64,mx32 --with-tune=generic --enable-checking=release --build=x86_64-linux-gnu --host=x86_64-linux-gnu --target=x86_64-linux-gnu
Thread model: posix
gcc version 4.8.4 (Ubuntu 4.8.4-2ubuntu1~14.04.3) 
configure:5508: $? = 0
configure:5497: g++ -V >&5
g++: error: unrecognized command line option '-V'
g++: fatal error: no input files
compilation terminated.
configure:5508: $? = 4
configure:5497: g++ -qversion >&5
g++: error: unrecognized command line option '-qversion'
g++: fatal error: no input files
compilation terminated.
configure:5508: $? = 4
configure:5512: checking whether we are using the GNU Objective C++ compiler
configure:5531: g++ -c  -DWEBRTC_POSIX -DBOOST_ASIO_DISABLE_STD_CHRONO conftest.mm >&5
g++: error trying to exec 'cc1objplus': execvp: No such file or directory
configure:5531: $? = 1
configure: failed program was:
| /* confdefs.h */
| #define PACKAGE_NAME "NDN-RTC"
| #define PACKAGE_TARNAME "ndnrtc"
| #define PACKAGE_VERSION "2.0.0"
| #define PACKAGE_STRING "NDN-RTC 2.0.0"
| #define PACKAGE_BUGREPORT "peter@remap.ucla.edu"
| #define PACKAGE_URL "https://github.com/remap/ndnrtc"
| #define NDN_LOGGING 1
| #define NDN_TRACE 1
| #define NDN_INFO 1
| #define NDN_WARN 1
| #define NDN_ERROR 1
| #define NDN_DEBUG 1
| /* end confdefs.h.  */
| 
| int
| main ()
| {
| #ifndef __GNUC__
|        choke me
| #endif
| 
|   ;
|   return 0;
| }
configure:5540: result: no
configure:5549: checking whether g++ accepts -g
configure:5569: g++ -c -g -DWEBRTC_POSIX -DBOOST_ASIO_DISABLE_STD_CHRONO conftest.mm >&5
g++: error trying to exec 'cc1objplus': execvp: No such file or directory
configure:5569: $? = 1
configure: failed program was:
| /* confdefs.h */
| #define PACKAGE_NAME "NDN-RTC"
| #define PACKAGE_TARNAME "ndnrtc"
| #define PACKAGE_VERSION "2.0.0"
| #define PACKAGE_STRING "NDN-RTC 2.0.0"
| #define PACKAGE_BUGREPORT "peter@remap.ucla.edu"
| #define PACKAGE_URL "https://github.com/remap/ndnrtc"
| #define NDN_LOGGING 1
| #define NDN_TRACE 1
| #define NDN_INFO 1
| #define NDN_WARN 1
| #define NDN_ERROR 1
| #define NDN_DEBUG 1
| /* end confdefs.h.  */
| 
| int
| main ()
| {
| 
|   ;
|   return 0;
| }
configure:5584: g++ -c  -DWEBRTC_POSIX -DBOOST_ASIO_DISABLE_STD_CHRONO conftest.mm >&5
g++: error trying to exec 'cc1objplus': execvp: No such file or directory
configure:5584: $? = 1
configure: failed program was:
| /* confdefs.h */
| #define PACKAGE_NAME "NDN-RTC"
| #define PACKAGE_TARNAME "ndnrtc"
| #define PACKAGE_VERSION "2.0.0"
| #define PACKAGE_STRING "NDN-RTC 2.0.0"
| #define PACKAGE_BUGREPORT "peter@remap.ucla.edu"
| #define PACKAGE_URL "https://github.com/remap/ndnrtc"
| #define NDN_LOGGING 1
| #define NDN_TRACE 1
| #define NDN_INFO 1
| #define NDN_WARN 1
| #define NDN_ERROR 1
| #define NDN_DEBUG 1
| /* end confdefs.h.  */
| 
| int
| main ()
| {
| 
|   ;
|   return 0;
| }
configure:5600: g++ -c -g -DWEBRTC_POSIX -DBOOST_ASIO_DISABLE_STD_CHRONO conftest.mm >&5
g++: error trying to exec 'cc1objplus': execvp: No such file or directory
configure:5600: $? = 1
configure: failed program was:
| /* confdefs.h */
| #define PACKAGE_NAME "NDN-RTC"
| #define PACKAGE_TARNAME "ndnrtc"
| #define PACKAGE_VERSION "2.0.0"
| #define PACKAGE_STRING "NDN-RTC 2.0.0"
| #define PACKAGE_BUGREPORT "peter@remap.ucla.edu"
| #define PACKAGE_URL "https://github.com/remap/ndnrtc"
| #define NDN_LOGGING 1
| #define NDN_TRACE 1
| #define NDN_INFO 1
| #define NDN_WARN 1
| #define NDN_ERROR 1
| #define NDN_DEBUG 1
| /* end confdefs.h.  */
| 
| int
| main ()
| {
| 
|   ;
|   return 0;
| }
configure:5610: result: no
configure:5635: checking dependency style of g++
configure:5744: result: gcc3
configure:5810: checking for ar
configure:5826: found /usr/bin/ar
configure:5837: result: ar
configure:5863: checking the archiver (ar) interface
configure:5879: gcc -c -g -O2 -DWEBRTC_POSIX -DBOOST_ASIO_DISABLE_STD_CHRONO conftest.c >&5
configure:5879: $? = 0
configure:5881: ar cru libconftest.a conftest.o >&5
configure:5884: $? = 0
configure:5912: result: ar
configure:5978: checking how to print strings
configure:6005: result: printf
configure:6026: checking for a sed that does not truncate output
configure:6090: result: /bin/sed
configure:6108: checking for grep that handles long lines and -e
configure:6166: result: /bin/grep
configure:6171: checking for egrep
configure:6233: result: /bin/grep -E
configure:6238: checking for fgrep
configure:6300: result: /bin/grep -F
configure:6335: checking for ld used by gcc
configure:6402: result: /usr/bin/ld
configure:6409: checking if the linker (/usr/bin/ld) is GNU ld
configure:6424: result: yes
configure:6436: checking for BSD- or MS-compatible name lister (nm)
configure:6490: result: /usr/bin/nm -B
configure:6620: checking the name lister (/usr/bin/nm -B) interface
configure:6627: gcc -c -g -O2 -DWEBRTC_POSIX -DBOOST_ASIO_DISABLE_STD_CHRONO conftest.c >&5
configure:6630: /usr/bin/nm -B "conftest.o"
configure:6633: output
0000000000000000 B some_variable
configure:6640: result: BSD nm
configure:6643: checking whether ln -s works
configure:6647: result: yes
configure:6655: checking the maximum length of command line arguments
configure:6786: result: 3458764513820540925
configure:6834: checking how to convert x86_64-unknown-linux-gnu file names to x86_64-unknown-linux-gnu format
configure:6874: result: func_convert_file_noop
configure:6881: checking how to convert x86_64-unknown-linux-gnu file names to toolchain format
configure:6901: result: func_convert_file_noop
configure:6908: checking for /usr/bin/ld option to reload object files
configure:6915: result: -r
configure:6989: checking for objdump
configure:7005: found /usr/bin/objdump
configure:7016: result: objdump
configure:7048: checking how to recognize dependent libraries
configure:7248: result: pass_all
configure:7333: checking for dlltool
configure:7363: result: no
configure:7393: checking how to associate runtime and link libraries
configure:7420: result: printf %s\n
configure:7544: checking for archiver @FILE support
configure:7561: gcc -c -g -O2 -DWEBRTC_POSIX -DBOOST_ASIO_DISABLE_STD_CHRONO conftest.c >&5
configure:7561: $? = 0
configure:7564: ar cru libconftest.a @conftest.lst >&5
configure:7567: $? = 0
configure:7572: ar cru libconftest.a @conftest.lst >&5
ar: conftest.o: No such file or directory
configure:7575: $? = 1
configure:7587: result: @
configure:7645: checking for strip
configure:7661: found /usr/bin/strip
configure:7672: result: strip
configure:7744: checking for ranlib
configure:7760: found /usr/bin/ranlib
configure:7771: result: ranlib
configure:7873: checking command to parse /usr/bin/nm -B output from gcc object
configure:8026: gcc -c -g -O2 -DWEBRTC_POSIX -DBOOST_ASIO_DISABLE_STD_CHRONO conftest.c >&5
configure:8029: $? = 0
configure:8033: /usr/bin/nm -B conftest.o \| sed -n -e 's/^.*[ ]\([ABCDGIRSTW][ABCDGIRSTW]*\)[ ][ ]*\([_A-Za-z][_A-Za-z0-9]*\)$/\1 \2 \2/p' | sed '/ __gnu_lto/d' \> conftest.nm
configure:8036: $? = 0
configure:8102: gcc -o conftest -g -O2 -DWEBRTC_POSIX -DBOOST_ASIO_DISABLE_STD_CHRONO  conftest.c conftstm.o >&5
configure:8105: $? = 0
configure:8143: result: ok
configure:8190: checking for sysroot
configure:8220: result: no
configure:8227: checking for a working dd
configure:8265: result: /bin/dd
configure:8269: checking how to truncate binary pipes
configure:8284: result: /bin/dd bs=4096 count=1
configure:8420: gcc -c -g -O2 -DWEBRTC_POSIX -DBOOST_ASIO_DISABLE_STD_CHRONO conftest.c >&5
configure:8423: $? = 0
configure:8613: checking for mt
configure:8629: found /bin/mt
configure:8640: result: mt
configure:8663: checking if mt is a manifest tool
configure:8669: mt '-?'
configure:8677: result: no
configure:9354: checking how to run the C preprocessor
configure:9385: gcc -E -DWEBRTC_POSIX -DBOOST_ASIO_DISABLE_STD_CHRONO conftest.c
configure:9385: $? = 0
configure:9399: gcc -E -DWEBRTC_POSIX -DBOOST_ASIO_DISABLE_STD_CHRONO conftest.c
conftest.c:15:28: fatal error: ac_nonexistent.h: No such file or directory
 #include <ac_nonexistent.h>
                            ^
compilation terminated.
configure:9399: $? = 1
configure: failed program was:
| /* confdefs.h */
| #define PACKAGE_NAME "NDN-RTC"
| #define PACKAGE_TARNAME "ndnrtc"
| #define PACKAGE_VERSION "2.0.0"
| #define PACKAGE_STRING "NDN-RTC 2.0.0"
| #define PACKAGE_BUGREPORT "peter@remap.ucla.edu"
| #define PACKAGE_URL "https://github.com/remap/ndnrtc"
| #define NDN_LOGGING 1
| #define NDN_TRACE 1
| #define NDN_INFO 1
| #define NDN_WARN 1
| #define NDN_ERROR 1
| #define NDN_DEBUG 1
| /* end confdefs.h.  */
| #include <ac_nonexistent.h>
configure:9424: result: gcc -E
configure:9444: gcc -E -DWEBRTC_POSIX -DBOOST_ASIO_DISABLE_STD_CHRONO conftest.c
configure:9444: $? = 0
configure:9458: gcc -E -DWEBRTC_POSIX -DBOOST_ASIO_DISABLE_STD_CHRONO conftest.c
conftest.c:15:28: fatal error: ac_nonexistent.h: No such file or directory
 #include <ac_nonexistent.h>
                            ^
compilation terminated.
configure:9458: $? = 1
configure: failed program was:
| /* confdefs.h */
| #define PACKAGE_NAME "NDN-RTC"
| #define PACKAGE_TARNAME "ndnrtc"
| #define PACKAGE_VERSION "2.0.0"
| #define PACKAGE_STRING "NDN-RTC 2.0.0"
| #define PACKAGE_BUGREPORT "peter@remap.ucla.edu"
| #define PACKAGE_URL "https://github.com/remap/ndnrtc"
| #define NDN_LOGGING 1
| #define NDN_TRACE 1
| #define NDN_INFO 1
| #define NDN_WARN 1
| #define NDN_ERROR 1
| #define NDN_DEBUG 1
| /* end confdefs.h.  */
| #include <ac_nonexistent.h>
configure:9487: checking for ANSI C header files
configure:9507: gcc -c -g -O2 -DWEBRTC_POSIX -DBOOST_ASIO_DISABLE_STD_CHRONO conftest.c >&5
configure:9507: $? = 0
configure:9580: gcc -o conftest -g -O2 -DWEBRTC_POSIX -DBOOST_ASIO_DISABLE_STD_CHRONO  conftest.c  >&5
configure:9580: $? = 0
configure:9580: ./conftest
configure:9580: $? = 0
configure:9591: result: yes
configure:9604: checking for sys/types.h
configure:9604: gcc -c -g -O2 -DWEBRTC_POSIX -DBOOST_ASIO_DISABLE_STD_CHRONO conftest.c >&5
configure:9604: $? = 0
configure:9604: result: yes
configure:9604: checking for sys/stat.h
configure:9604: gcc -c -g -O2 -DWEBRTC_POSIX -DBOOST_ASIO_DISABLE_STD_CHRONO conftest.c >&5
configure:9604: $? = 0
configure:9604: result: yes
configure:9604: checking for stdlib.h
configure:9604: gcc -c -g -O2 -DWEBRTC_POSIX -DBOOST_ASIO_DISABLE_STD_CHRONO conftest.c >&5
configure:9604: $? = 0
configure:9604: result: yes
configure:9604: checking for string.h
configure:9604: gcc -c -g -O2 -DWEBRTC_POSIX -DBOOST_ASIO_DISABLE_STD_CHRONO conftest.c >&5
configure:9604: $? = 0
configure:9604: result: yes
configure:9604: checking for memory.h
configure:9604: gcc -c -g -O2 -DWEBRTC_POSIX -DBOOST_ASIO_DISABLE_STD_CHRONO conftest.c >&5
configure:9604: $? = 0
configure:9604: result: yes
configure:9604: checking for strings.h
configure:9604: gcc -c -g -O2 -DWEBRTC_POSIX -DBOOST_ASIO_DISABLE_STD_CHRONO conftest.c >&5
configure:9604: $? = 0
configure:9604: result: yes
configure:9604: checking for inttypes.h
configure:9604: gcc -c -g -O2 -DWEBRTC_POSIX -DBOOST_ASIO_DISABLE_STD_CHRONO conftest.c >&5
configure:9604: $? = 0
configure:9604: result: yes
configure:9604: checking for stdint.h
configure:9604: gcc -c -g -O2 -DWEBRTC_POSIX -DBOOST_ASIO_DISABLE_STD_CHRONO conftest.c >&5
configure:9604: $? = 0
configure:9604: result: yes
configure:9604: checking for unistd.h
configure:9604: gcc -c -g -O2 -DWEBRTC_POSIX -DBOOST_ASIO_DISABLE_STD_CHRONO conftest.c >&5
configure:9604: $? = 0
configure:9604: result: yes
configure:9618: checking for dlfcn.h
configure:9618: gcc -c -g -O2 -DWEBRTC_POSIX -DBOOST_ASIO_DISABLE_STD_CHRONO conftest.c >&5
configure:9618: $? = 0
configure:9618: result: yes
configure:9885: checking for objdir
configure:9900: result: .libs
configure:10164: checking if gcc supports -fno-rtti -fno-exceptions
configure:10182: gcc -c -g -O2 -DWEBRTC_POSIX -DBOOST_ASIO_DISABLE_STD_CHRONO -fno-rtti -fno-exceptions conftest.c >&5
cc1: warning: command line option '-fno-rtti' is valid for C++/ObjC++ but not for C [enabled by default]
configure:10186: $? = 0
configure:10199: result: no
configure:10557: checking for gcc option to produce PIC
configure:10564: result: -fPIC -DPIC
configure:10572: checking if gcc PIC flag -fPIC -DPIC works
configure:10590: gcc -c -g -O2 -DWEBRTC_POSIX -DBOOST_ASIO_DISABLE_STD_CHRONO -fPIC -DPIC -DPIC conftest.c >&5
configure:10594: $? = 0
configure:10607: result: yes
configure:10636: checking if gcc static flag -static works
configure:10664: result: yes
configure:10679: checking if gcc supports -c -o file.o
configure:10700: gcc -c -g -O2 -DWEBRTC_POSIX -DBOOST_ASIO_DISABLE_STD_CHRONO -o out/conftest2.o conftest.c >&5
configure:10704: $? = 0
configure:10726: result: yes
configure:10734: checking if gcc supports -c -o file.o
configure:10781: result: yes
configure:10814: checking whether the gcc linker (/usr/bin/ld -m elf_x86_64) supports shared libraries
configure:12073: result: yes
configure:12110: checking whether -lc should be explicitly linked in
configure:12118: gcc -c -g -O2 -DWEBRTC_POSIX -DBOOST_ASIO_DISABLE_STD_CHRONO conftest.c >&5
configure:12121: $? = 0
configure:12136: gcc -shared  -fPIC -DPIC conftest.o  -v -Wl,-soname -Wl,conftest -o conftest 2\>\&1 \| /bin/grep  -lc  \>/dev/null 2\>\&1
configure:12139: $? = 0
configure:12153: result: no
configure:12313: checking dynamic linker characteristics
configure:12894: gcc -o conftest -g -O2 -DWEBRTC_POSIX -DBOOST_ASIO_DISABLE_STD_CHRONO  -Wl,-rpath -Wl,/foo conftest.c  >&5
configure:12894: $? = 0
configure:13131: result: GNU/Linux ld.so
configure:13253: checking how to hardcode library paths into programs
configure:13278: result: immediate
configure:13826: checking whether stripping libraries is possible
configure:13831: result: yes
configure:13866: checking if libtool supports shared libraries
configure:13868: result: yes
configure:13871: checking whether to build shared libraries
configure:13896: result: yes
configure:13899: checking whether to build static libraries
configure:13903: result: yes
configure:13926: checking how to run the C++ preprocessor
configure:13953: g++ -E -DWEBRTC_POSIX -DBOOST_ASIO_DISABLE_STD_CHRONO conftest.cpp
configure:13953: $? = 0
configure:13967: g++ -E -DWEBRTC_POSIX -DBOOST_ASIO_DISABLE_STD_CHRONO conftest.cpp
conftest.cpp:27:28: fatal error: ac_nonexistent.h: No such file or directory
 #include <ac_nonexistent.h>
                            ^
compilation terminated.
configure:13967: $? = 1
configure: failed program was:
| /* confdefs.h */
| #define PACKAGE_NAME "NDN-RTC"
| #define PACKAGE_TARNAME "ndnrtc"
| #define PACKAGE_VERSION "2.0.0"
| #define PACKAGE_STRING "NDN-RTC 2.0.0"
| #define PACKAGE_BUGREPORT "peter@remap.ucla.edu"
| #define PACKAGE_URL "https://github.com/remap/ndnrtc"
| #define NDN_LOGGING 1
| #define NDN_TRACE 1
| #define NDN_INFO 1
| #define NDN_WARN 1
| #define NDN_ERROR 1
| #define NDN_DEBUG 1
| #define STDC_HEADERS 1
| #define HAVE_SYS_TYPES_H 1
| #define HAVE_SYS_STAT_H 1
| #define HAVE_STDLIB_H 1
| #define HAVE_STRING_H 1
| #define HAVE_MEMORY_H 1
| #define HAVE_STRINGS_H 1
| #define HAVE_INTTYPES_H 1
| #define HAVE_STDINT_H 1
| #define HAVE_UNISTD_H 1
| #define HAVE_DLFCN_H 1
| #define LT_OBJDIR ".libs/"
| /* end confdefs.h.  */
| #include <ac_nonexistent.h>
configure:13992: result: g++ -E
configure:14012: g++ -E -DWEBRTC_POSIX -DBOOST_ASIO_DISABLE_STD_CHRONO conftest.cpp
configure:14012: $? = 0
configure:14026: g++ -E -DWEBRTC_POSIX -DBOOST_ASIO_DISABLE_STD_CHRONO conftest.cpp
conftest.cpp:27:28: fatal error: ac_nonexistent.h: No such file or directory
 #include <ac_nonexistent.h>
                            ^
compilation terminated.
configure:14026: $? = 1
configure: failed program was:
| /* confdefs.h */
| #define PACKAGE_NAME "NDN-RTC"
| #define PACKAGE_TARNAME "ndnrtc"
| #define PACKAGE_VERSION "2.0.0"
| #define PACKAGE_STRING "NDN-RTC 2.0.0"
| #define PACKAGE_BUGREPORT "peter@remap.ucla.edu"
| #define PACKAGE_URL "https://github.com/remap/ndnrtc"
| #define NDN_LOGGING 1
| #define NDN_TRACE 1
| #define NDN_INFO 1
| #define NDN_WARN 1
| #define NDN_ERROR 1
| #define NDN_DEBUG 1
| #define STDC_HEADERS 1
| #define HAVE_SYS_TYPES_H 1
| #define HAVE_SYS_STAT_H 1
| #define HAVE_STDLIB_H 1
| #define HAVE_STRING_H 1
| #define HAVE_MEMORY_H 1
| #define HAVE_STRINGS_H 1
| #define HAVE_INTTYPES_H 1
| #define HAVE_STDINT_H 1
| #define HAVE_UNISTD_H 1
| #define HAVE_DLFCN_H 1
| #define LT_OBJDIR ".libs/"
| /* end confdefs.h.  */
| #include <ac_nonexistent.h>
configure:14188: checking for ld used by g++
configure:14255: result: /usr/bin/ld -m elf_x86_64
configure:14262: checking if the linker (/usr/bin/ld -m elf_x86_64) is GNU ld
configure:14277: result: yes
configure:14332: checking whether the g++ linker (/usr/bin/ld -m elf_x86_64) supports shared libraries
configure:15405: result: yes
configure:15441: g++ -c -DWEBRTC_POSIX -DBOOST_ASIO_DISABLE_STD_CHRONO -DWEBRTC_POSIX -DBOOST_ASIO_DISABLE_STD_CHRONO conftest.cpp >&5
configure:15444: $? = 0
configure:15925: checking for g++ option to produce PIC
configure:15932: result: -fPIC -DPIC
configure:15940: checking if g++ PIC flag -fPIC -DPIC works
configure:15958: g++ -c -DWEBRTC_POSIX -DBOOST_ASIO_DISABLE_STD_CHRONO -DWEBRTC_POSIX -DBOOST_ASIO_DISABLE_STD_CHRONO -fPIC -DPIC -DPIC conftest.cpp >&5
configure:15962: $? = 0
configure:15975: result: yes
configure:15998: checking if g++ static flag -static works
configure:16026: result: yes
configure:16038: checking if g++ supports -c -o file.o
configure:16059: g++ -c -DWEBRTC_POSIX -DBOOST_ASIO_DISABLE_STD_CHRONO -DWEBRTC_POSIX -DBOOST_ASIO_DISABLE_STD_CHRONO -o out/conftest2.o conftest.cpp >&5
configure:16063: $? = 0
configure:16085: result: yes
configure:16090: checking if g++ supports -c -o file.o
configure:16137: result: yes
configure:16167: checking whether the g++ linker (/usr/bin/ld -m elf_x86_64) supports shared libraries
configure:16207: result: yes
configure:16348: checking dynamic linker characteristics
configure:17093: result: GNU/Linux ld.so
configure:17158: checking how to hardcode library paths into programs
configure:17183: result: immediate
configure:17442: checking for stdint.h
configure:17442: result: yes
configure:17442: checking for stdlib.h
configure:17442: result: yes
configure:17442: checking for string.h
configure:17442: result: yes
configure:17442: checking sys/time.h usability
configure:17442: g++ -c -DWEBRTC_POSIX -DBOOST_ASIO_DISABLE_STD_CHRONO -DWEBRTC_POSIX -DBOOST_ASIO_DISABLE_STD_CHRONO conftest.cpp >&5
configure:17442: $? = 0
configure:17442: result: yes
configure:17442: checking sys/time.h presence
configure:17442: g++ -E -DWEBRTC_POSIX -DBOOST_ASIO_DISABLE_STD_CHRONO conftest.cpp
configure:17442: $? = 0
configure:17442: result: yes
configure:17442: checking for sys/time.h
configure:17442: result: yes
configure:17442: checking for unistd.h
configure:17442: result: yes
configure:17454: checking for stdbool.h that conforms to C99
configure:17521: g++ -c -DWEBRTC_POSIX -DBOOST_ASIO_DISABLE_STD_CHRONO -DWEBRTC_POSIX -DBOOST_ASIO_DISABLE_STD_CHRONO conftest.cpp >&5
configure:17521: $? = 0
configure:17528: result: yes
configure:17530: checking for _Bool
configure:17530: g++ -c -DWEBRTC_POSIX -DBOOST_ASIO_DISABLE_STD_CHRONO -DWEBRTC_POSIX -DBOOST_ASIO_DISABLE_STD_CHRONO conftest.cpp >&5
conftest.cpp: In function 'int main()':
conftest.cpp:68:13: error: '_Bool' was not declared in this scope
 if (sizeof (_Bool))
             ^
configure:17530: $? = 1
configure: failed program was:
| /* confdefs.h */
| #define PACKAGE_NAME "NDN-RTC"
| #define PACKAGE_TARNAME "ndnrtc"
| #define PACKAGE_VERSION "2.0.0"
| #define PACKAGE_STRING "NDN-RTC 2.0.0"
| #define PACKAGE_BUGREPORT "peter@remap.ucla.edu"
| #define PACKAGE_URL "https://github.com/remap/ndnrtc"
| #define NDN_LOGGING 1
| #define NDN_TRACE 1
| #define NDN_INFO 1
| #define NDN_WARN 1
| #define NDN_ERROR 1
| #define NDN_DEBUG 1
| #define STDC_HEADERS 1
| #define HAVE_SYS_TYPES_H 1
| #define HAVE_SYS_STAT_H 1
| #define HAVE_STDLIB_H 1
| #define HAVE_STRING_H 1
| #define HAVE_MEMORY_H 1
| #define HAVE_STRINGS_H 1
| #define HAVE_INTTYPES_H 1
| #define HAVE_STDINT_H 1
| #define HAVE_UNISTD_H 1
| #define HAVE_DLFCN_H 1
| #define LT_OBJDIR ".libs/"
| #define HAVE_STDINT_H 1
| #define HAVE_STDLIB_H 1
| #define HAVE_STRING_H 1
| #define HAVE_SYS_TIME_H 1
| #define HAVE_UNISTD_H 1
| /* end confdefs.h.  */
| #include <stdio.h>
| #ifdef HAVE_SYS_TYPES_H
| # include <sys/types.h>
| #endif
| #ifdef HAVE_SYS_STAT_H
| # include <sys/stat.h>
| #endif
| #ifdef STDC_HEADERS
| # include <stdlib.h>
| # include <stddef.h>
| #else
| # ifdef HAVE_STDLIB_H
| #  include <stdlib.h>
| # endif
| #endif
| #ifdef HAVE_STRING_H
| # if !defined STDC_HEADERS && defined HAVE_MEMORY_H
| #  include <memory.h>
| # endif
| # include <string.h>
| #endif
| #ifdef HAVE_STRINGS_H
| # include <strings.h>
| #endif
| #ifdef HAVE_INTTYPES_H
| # include <inttypes.h>
| #endif
| #ifdef HAVE_STDINT_H
| # include <stdint.h>
| #endif
| #ifdef HAVE_UNISTD_H
| # include <unistd.h>
| #endif
| int
| main ()
| {
| if (sizeof (_Bool))
| 	 return 0;
|   ;
|   return 0;
| }
configure:17530: result: no
configure:17541: checking for inline
configure:17557: g++ -c -DWEBRTC_POSIX -DBOOST_ASIO_DISABLE_STD_CHRONO -DWEBRTC_POSIX -DBOOST_ASIO_DISABLE_STD_CHRONO conftest.cpp >&5
configure:17557: $? = 0
configure:17565: result: inline
configure:17583: checking for int32_t
configure:17583: g++ -c -DWEBRTC_POSIX -DBOOST_ASIO_DISABLE_STD_CHRONO -DWEBRTC_POSIX -DBOOST_ASIO_DISABLE_STD_CHRONO conftest.cpp >&5
configure:17583: $? = 0
configure:17583: g++ -c -DWEBRTC_POSIX -DBOOST_ASIO_DISABLE_STD_CHRONO -DWEBRTC_POSIX -DBOOST_ASIO_DISABLE_STD_CHRONO conftest.cpp >&5
conftest.cpp: In function 'int main()':
conftest.cpp:70:55: warning: integer overflow in expression [-Woverflow]
    < (int32_t) (((((int32_t) 1 << N) << N) - 1) * 2 + 2))];
                                                       ^
conftest.cpp:70:58: error: size of array 'test_array' is negative
    < (int32_t) (((((int32_t) 1 << N) << N) - 1) * 2 + 2))];
                                                          ^
configure:17583: $? = 1
configure: failed program was:
| /* confdefs.h */
| #define PACKAGE_NAME "NDN-RTC"
| #define PACKAGE_TARNAME "ndnrtc"
| #define PACKAGE_VERSION "2.0.0"
| #define PACKAGE_STRING "NDN-RTC 2.0.0"
| #define PACKAGE_BUGREPORT "peter@remap.ucla.edu"
| #define PACKAGE_URL "https://github.com/remap/ndnrtc"
| #define NDN_LOGGING 1
| #define NDN_TRACE 1
| #define NDN_INFO 1
| #define NDN_WARN 1
| #define NDN_ERROR 1
| #define NDN_DEBUG 1
| #define STDC_HEADERS 1
| #define HAVE_SYS_TYPES_H 1
| #define HAVE_SYS_STAT_H 1
| #define HAVE_STDLIB_H 1
| #define HAVE_STRING_H 1
| #define HAVE_MEMORY_H 1
| #define HAVE_STRINGS_H 1
| #define HAVE_INTTYPES_H 1
| #define HAVE_STDINT_H 1
| #define HAVE_UNISTD_H 1
| #define HAVE_DLFCN_H 1
| #define LT_OBJDIR ".libs/"
| #define HAVE_STDINT_H 1
| #define HAVE_STDLIB_H 1
| #define HAVE_STRING_H 1
| #define HAVE_SYS_TIME_H 1
| #define HAVE_UNISTD_H 1
| /* end confdefs.h.  */
| #include <stdio.h>
| #ifdef HAVE_SYS_TYPES_H
| # include <sys/types.h>
| #endif
| #ifdef HAVE_SYS_STAT_H
| # include <sys/stat.h>
| #endif
| #ifdef STDC_HEADERS
| # include <stdlib.h>
| # include <stddef.h>
| #else
| # ifdef HAVE_STDLIB_H
| #  include <stdlib.h>
| # endif
| #endif
| #ifdef HAVE_STRING_H
| # if !defined STDC_HEADERS && defined HAVE_MEMORY_H
| #  include <memory.h>
| # endif
| # include <string.h>
| #endif
| #ifdef HAVE_STRINGS_H
| # include <strings.h>
| #endif
| #ifdef HAVE_INTTYPES_H
| # include <inttypes.h>
| #endif
| #ifdef HAVE_STDINT_H
| # include <stdint.h>
| #endif
| #ifdef HAVE_UNISTD_H
| # include <unistd.h>
| #endif
| 	        enum { N = 32 / 2 - 1 };
| int
| main ()
| {
| static int test_array [1 - 2 * !((int32_t) (((((int32_t) 1 << N) << N) - 1) * 2 + 1)
| 		 < (int32_t) (((((int32_t) 1 << N) << N) - 1) * 2 + 2))];
| test_array [0] = 0;
| return test_array [0];
| 
|   ;
|   return 0;
| }
configure:17583: result: yes
configure:17594: checking for int64_t
configure:17594: g++ -c -DWEBRTC_POSIX -DBOOST_ASIO_DISABLE_STD_CHRONO -DWEBRTC_POSIX -DBOOST_ASIO_DISABLE_STD_CHRONO conftest.cpp >&5
configure:17594: $? = 0
configure:17594: g++ -c -DWEBRTC_POSIX -DBOOST_ASIO_DISABLE_STD_CHRONO -DWEBRTC_POSIX -DBOOST_ASIO_DISABLE_STD_CHRONO conftest.cpp >&5
conftest.cpp: In function 'int main()':
conftest.cpp:70:55: warning: integer overflow in expression [-Woverflow]
    < (int64_t) (((((int64_t) 1 << N) << N) - 1) * 2 + 2))];
                                                       ^
conftest.cpp:70:58: error: size of array 'test_array' is negative
    < (int64_t) (((((int64_t) 1 << N) << N) - 1) * 2 + 2))];
                                                          ^
configure:17594: $? = 1
configure: failed program was:
| /* confdefs.h */
| #define PACKAGE_NAME "NDN-RTC"
| #define PACKAGE_TARNAME "ndnrtc"
| #define PACKAGE_VERSION "2.0.0"
| #define PACKAGE_STRING "NDN-RTC 2.0.0"
| #define PACKAGE_BUGREPORT "peter@remap.ucla.edu"
| #define PACKAGE_URL "https://github.com/remap/ndnrtc"
| #define NDN_LOGGING 1
| #define NDN_TRACE 1
| #define NDN_INFO 1
| #define NDN_WARN 1
| #define NDN_ERROR 1
| #define NDN_DEBUG 1
| #define STDC_HEADERS 1
| #define HAVE_SYS_TYPES_H 1
| #define HAVE_SYS_STAT_H 1
| #define HAVE_STDLIB_H 1
| #define HAVE_STRING_H 1
| #define HAVE_MEMORY_H 1
| #define HAVE_STRINGS_H 1
| #define HAVE_INTTYPES_H 1
| #define HAVE_STDINT_H 1
| #define HAVE_UNISTD_H 1
| #define HAVE_DLFCN_H 1
| #define LT_OBJDIR ".libs/"
| #define HAVE_STDINT_H 1
| #define HAVE_STDLIB_H 1
| #define HAVE_STRING_H 1
| #define HAVE_SYS_TIME_H 1
| #define HAVE_UNISTD_H 1
| /* end confdefs.h.  */
| #include <stdio.h>
| #ifdef HAVE_SYS_TYPES_H
| # include <sys/types.h>
| #endif
| #ifdef HAVE_SYS_STAT_H
| # include <sys/stat.h>
| #endif
| #ifdef STDC_HEADERS
| # include <stdlib.h>
| # include <stddef.h>
| #else
| # ifdef HAVE_STDLIB_H
| #  include <stdlib.h>
| # endif
| #endif
| #ifdef HAVE_STRING_H
| # if !defined STDC_HEADERS && defined HAVE_MEMORY_H
| #  include <memory.h>
| # endif
| # include <string.h>
| #endif
| #ifdef HAVE_STRINGS_H
| # include <strings.h>
| #endif
| #ifdef HAVE_INTTYPES_H
| # include <inttypes.h>
| #endif
| #ifdef HAVE_STDINT_H
| # include <stdint.h>
| #endif
| #ifdef HAVE_UNISTD_H
| # include <unistd.h>
| #endif
| 	        enum { N = 64 / 2 - 1 };
| int
| main ()
| {
| static int test_array [1 - 2 * !((int64_t) (((((int64_t) 1 << N) << N) - 1) * 2 + 1)
| 		 < (int64_t) (((((int64_t) 1 << N) << N) - 1) * 2 + 2))];
| test_array [0] = 0;
| return test_array [0];
| 
|   ;
|   return 0;
| }
configure:17594: result: yes
configure:17605: checking for uint16_t
configure:17605: g++ -c -DWEBRTC_POSIX -DBOOST_ASIO_DISABLE_STD_CHRONO -DWEBRTC_POSIX -DBOOST_ASIO_DISABLE_STD_CHRONO conftest.cpp >&5
configure:17605: $? = 0
configure:17605: result: yes
configure:17617: checking for uint32_t
configure:17617: g++ -c -DWEBRTC_POSIX -DBOOST_ASIO_DISABLE_STD_CHRONO -DWEBRTC_POSIX -DBOOST_ASIO_DISABLE_STD_CHRONO conftest.cpp >&5
configure:17617: $? = 0
configure:17617: result: yes
configure:17631: checking for uint64_t
configure:17631: g++ -c -DWEBRTC_POSIX -DBOOST_ASIO_DISABLE_STD_CHRONO -DWEBRTC_POSIX -DBOOST_ASIO_DISABLE_STD_CHRONO conftest.cpp >&5
configure:17631: $? = 0
configure:17631: result: yes
configure:17645: checking for uint8_t
configure:17645: g++ -c -DWEBRTC_POSIX -DBOOST_ASIO_DISABLE_STD_CHRONO -DWEBRTC_POSIX -DBOOST_ASIO_DISABLE_STD_CHRONO conftest.cpp >&5
configure:17645: $? = 0
configure:17645: result: yes
configure:17666: checking whether g++ supports C++11 features by default
configure:17692: g++ -c -DWEBRTC_POSIX -DBOOST_ASIO_DISABLE_STD_CHRONO -DWEBRTC_POSIX -DBOOST_ASIO_DISABLE_STD_CHRONO conftest.cpp >&5
conftest.cpp:36:21: error: expected identifier before 'sizeof'
       static_assert(sizeof(int) <= sizeof(T), "not big enough");
                     ^
conftest.cpp:36:21: error: expected ',' or '...' before 'sizeof'
conftest.cpp:36:63: error: ISO C++ forbids declaration of 'static_assert' with no type [-fpermissive]
       static_assert(sizeof(int) <= sizeof(T), "not big enough");
                                                               ^
conftest.cpp:39:29: error: '>>' should be '> >' within a nested template argument list
     typedef check<check<bool>> right_angle_brackets;
                             ^
conftest.cpp:42:13: error: expected constructor, destructor, or type conversion before '(' token
     decltype(a) b;
             ^
conftest.cpp:46:15: error: expected unqualified-id before '&&' token
     check_type&& cr = static_cast<check_type&&>(c);
               ^
conftest.cpp:48:10: error: 'd' does not name a type
     auto d = a;
          ^
configure:17692: $? = 1
configure: failed program was:
| /* confdefs.h */
| #define PACKAGE_NAME "NDN-RTC"
| #define PACKAGE_TARNAME "ndnrtc"
| #define PACKAGE_VERSION "2.0.0"
| #define PACKAGE_STRING "NDN-RTC 2.0.0"
| #define PACKAGE_BUGREPORT "peter@remap.ucla.edu"
| #define PACKAGE_URL "https://github.com/remap/ndnrtc"
| #define NDN_LOGGING 1
| #define NDN_TRACE 1
| #define NDN_INFO 1
| #define NDN_WARN 1
| #define NDN_ERROR 1
| #define NDN_DEBUG 1
| #define STDC_HEADERS 1
| #define HAVE_SYS_TYPES_H 1
| #define HAVE_SYS_STAT_H 1
| #define HAVE_STDLIB_H 1
| #define HAVE_STRING_H 1
| #define HAVE_MEMORY_H 1
| #define HAVE_STRINGS_H 1
| #define HAVE_INTTYPES_H 1
| #define HAVE_STDINT_H 1
| #define HAVE_UNISTD_H 1
| #define HAVE_DLFCN_H 1
| #define LT_OBJDIR ".libs/"
| #define HAVE_STDINT_H 1
| #define HAVE_STDLIB_H 1
| #define HAVE_STRING_H 1
| #define HAVE_SYS_TIME_H 1
| #define HAVE_UNISTD_H 1
| /* end confdefs.h.  */
| 
|   template <typename T>
|     struct check
|     {
|       static_assert(sizeof(int) <= sizeof(T), "not big enough");
|     };
| 
|     typedef check<check<bool>> right_angle_brackets;
| 
|     int a;
|     decltype(a) b;
| 
|     typedef check<int> check_type;
|     check_type c;
|     check_type&& cr = static_cast<check_type&&>(c);
| 
|     auto d = a;
| 
configure:17699: result: no
configure:17708: checking whether g++ supports C++11 features with -std=gnu++11
configure:17736: g++ -c -DWEBRTC_POSIX -DBOOST_ASIO_DISABLE_STD_CHRONO -std=gnu++11 -DWEBRTC_POSIX -DBOOST_ASIO_DISABLE_STD_CHRONO conftest.cpp >&5
configure:17736: $? = 0
configure:17745: result: yes
configure:17836: checking for gettimeofday
configure:17836: g++ -o conftest -DWEBRTC_POSIX -DBOOST_ASIO_DISABLE_STD_CHRONO -std=gnu++11 -DWEBRTC_POSIX -DBOOST_ASIO_DISABLE_STD_CHRONO  conftest.cpp  >&5
configure:17836: $? = 0
configure:17836: result: yes
configure:17836: checking for memset
configure:17836: g++ -o conftest -DWEBRTC_POSIX -DBOOST_ASIO_DISABLE_STD_CHRONO -std=gnu++11 -DWEBRTC_POSIX -DBOOST_ASIO_DISABLE_STD_CHRONO  conftest.cpp  >&5
configure:17836: $? = 0
configure:17836: result: yes
configure:17836: checking for sqrt
configure:17836: g++ -o conftest -DWEBRTC_POSIX -DBOOST_ASIO_DISABLE_STD_CHRONO -std=gnu++11 -DWEBRTC_POSIX -DBOOST_ASIO_DISABLE_STD_CHRONO  conftest.cpp  >&5
configure:17836: $? = 0
configure:17836: result: yes
configure:17836: checking for strstr
configure:17836: g++ -o conftest -DWEBRTC_POSIX -DBOOST_ASIO_DISABLE_STD_CHRONO -std=gnu++11 -DWEBRTC_POSIX -DBOOST_ASIO_DISABLE_STD_CHRONO  conftest.cpp  >&5
configure:17836: $? = 0
configure:17836: result: yes
configure:17851: checking for wget
configure:17867: found /usr/bin/wget
configure:17878: result: wget
configure:17890: checking if wget was wget
configure:17893: result: yes
configure:17900: checking if wget was curl
configure:17907: result: no
configure:17915: checking for tar
configure:17931: found /bin/tar
configure:17942: result: tar
configure:17963: checking for boost::shared_ptr...
configure:17978: g++ -c -DWEBRTC_POSIX -DBOOST_ASIO_DISABLE_STD_CHRONO -std=gnu++11 -DWEBRTC_POSIX -DBOOST_ASIO_DISABLE_STD_CHRONO -I/usr/local/include conftest.cpp >&5
configure:17978: $? = 0
configure:17980: result: yes
configure:17993: checking for boost::enabled_shared_from_this...
configure:18008: g++ -c -DWEBRTC_POSIX -DBOOST_ASIO_DISABLE_STD_CHRONO -std=gnu++11 -DWEBRTC_POSIX -DBOOST_ASIO_DISABLE_STD_CHRONO -I/usr/local/include conftest.cpp >&5
configure:18008: $? = 0
configure:18010: result: yes
configure:18023: checking for boost::chrono...
configure:18043: g++ -c -DWEBRTC_POSIX -DBOOST_ASIO_DISABLE_STD_CHRONO -std=gnu++11 -DWEBRTC_POSIX -DBOOST_ASIO_DISABLE_STD_CHRONO -I/usr/local/include conftest.cpp >&5
configure:18043: $? = 0
configure:18045: result: yes
configure:18058: checking for boost::asio::steady_timer...
configure:18076: g++ -c -DWEBRTC_POSIX -DBOOST_ASIO_DISABLE_STD_CHRONO -std=gnu++11 -DWEBRTC_POSIX -DBOOST_ASIO_DISABLE_STD_CHRONO -I/usr/local/include conftest.cpp >&5
configure:18076: $? = 0
configure:18078: result: yes
configure:18091: checking for boost::crc...
configure:18107: g++ -c -DWEBRTC_POSIX -DBOOST_ASIO_DISABLE_STD_CHRONO -std=gnu++11 -DWEBRTC_POSIX -DBOOST_ASIO_DISABLE_STD_CHRONO -I/usr/local/include conftest.cpp >&5
configure:18107: $? = 0
configure:18109: result: yes
configure:18122: checking for boost::thread...
configure:18137: g++ -c -DWEBRTC_POSIX -DBOOST_ASIO_DISABLE_STD_CHRONO -std=gnu++11 -DWEBRTC_POSIX -DBOOST_ASIO_DISABLE_STD_CHRONO -I/usr/local/include conftest.cpp >&5
configure:18137: $? = 0
configure:18139: result: yes
configure:18152: checking check linking with libs  -lboost_system -lboost_timer -lboost_chrono...
configure:18167: g++ -o conftest -DWEBRTC_POSIX -DBOOST_ASIO_DISABLE_STD_CHRONO -std=gnu++11 -DWEBRTC_POSIX -DBOOST_ASIO_DISABLE_STD_CHRONO -I/usr/local/include  -L/usr/local/lib conftest.cpp  -lboost_system -lboost_timer -lboost_chrono >&5
configure:18167: $? = 0
configure:18168: result: yes
configure:18195: checking ndn-cpp/interest.hpp usability
configure:18195: g++ -c -DWEBRTC_POSIX -DBOOST_ASIO_DISABLE_STD_CHRONO -std=gnu++11 -DWEBRTC_POSIX -DBOOST_ASIO_DISABLE_STD_CHRONO -I/home/yuanjieli/Desktop/ndn-cpp/build/include -I/usr/local/include conftest.cpp >&5
configure:18195: $? = 0
configure:18195: result: yes
configure:18195: checking ndn-cpp/interest.hpp presence
configure:18195: g++ -E -DWEBRTC_POSIX -DBOOST_ASIO_DISABLE_STD_CHRONO -I/home/yuanjieli/Desktop/ndn-cpp/build/include -I/usr/local/include conftest.cpp
configure:18195: $? = 0
configure:18195: result: yes
configure:18195: checking for ndn-cpp/interest.hpp
configure:18195: result: yes
configure:18210: checking for NDN-CPP library...
configure:18224: g++ -o conftest -DWEBRTC_POSIX -DBOOST_ASIO_DISABLE_STD_CHRONO -std=gnu++11 -DWEBRTC_POSIX -DBOOST_ASIO_DISABLE_STD_CHRONO -I/home/yuanjieli/Desktop/ndn-cpp/build/include -I/usr/local/include  -L/home/yuanjieli/Desktop/ndn-cpp/build/lib conftest.cpp  -lndn-cpp >&5
configure:18224: $? = 0
configure:18225: result: yes
configure:18237: checking if NDN-CPP library was compiled for using boost::shared_ptr
configure:18299: checking lib_common/of_openfec_api.h usability
configure:18299: g++ -c -DWEBRTC_POSIX -DBOOST_ASIO_DISABLE_STD_CHRONO -std=gnu++11 -DWEBRTC_POSIX -DBOOST_ASIO_DISABLE_STD_CHRONO -I/home/yuanjieli/Desktop/openfec_v1.4.2/src conftest.cpp >&5
configure:18299: $? = 0
configure:18299: result: yes
configure:18299: checking lib_common/of_openfec_api.h presence
configure:18299: g++ -E -DWEBRTC_POSIX -DBOOST_ASIO_DISABLE_STD_CHRONO -I/home/yuanjieli/Desktop/openfec_v1.4.2/src conftest.cpp
configure:18299: $? = 0
configure:18299: result: yes
configure:18299: checking for lib_common/of_openfec_api.h
configure:18299: result: yes
configure:18314: checking for of_create_codec_instance in -lopenfec
configure:18339: g++ -o conftest -DWEBRTC_POSIX -DBOOST_ASIO_DISABLE_STD_CHRONO -std=gnu++11 -DWEBRTC_POSIX -DBOOST_ASIO_DISABLE_STD_CHRONO -I/home/yuanjieli/Desktop/openfec_v1.4.2/src  -L/home/yuanjieli/Desktop/openfec_v1.4.2/bin/Release conftest.cpp -lopenfec   >&5
configure:18339: $? = 0
configure:18348: result: yes
configure:18517: checking that generated files are newer than configure
configure:18523: result: done
configure:18578: creating ./config.status

## ---------------- ##
## Cache variables. ##
## ---------------- ##

ac_cv_build=x86_64-unknown-linux-gnu
ac_cv_c_compiler_gnu=yes
ac_cv_c_inline=inline
ac_cv_c_int32_t=yes
ac_cv_c_int64_t=yes
ac_cv_c_uint16_t=yes
ac_cv_c_uint32_t=yes
ac_cv_c_uint64_t=yes
ac_cv_c_uint8_t=yes
ac_cv_cxx_compiler_gnu=yes
ac_cv_env_BOOSTDIR_set=
ac_cv_env_BOOSTDIR_value=
ac_cv_env_BOOSTLIB_set=
ac_cv_env_BOOSTLIB_value=
ac_cv_env_CCC_set=
ac_cv_env_CCC_value=
ac_cv_env_CC_set=
ac_cv_env_CC_value=
ac_cv_env_CFLAGS_set=
ac_cv_env_CFLAGS_value=
ac_cv_env_CPPFLAGS_set=
ac_cv_env_CPPFLAGS_value=
ac_cv_env_CPP_set=
ac_cv_env_CPP_value=
ac_cv_env_CXXCPP_set=
ac_cv_env_CXXCPP_value=
ac_cv_env_CXXFLAGS_set=
ac_cv_env_CXXFLAGS_value=
ac_cv_env_CXX_set=
ac_cv_env_CXX_value=
ac_cv_env_LCONFIGDIR_set=
ac_cv_env_LCONFIGDIR_value=
ac_cv_env_LCONFIGLIB_set=
ac_cv_env_LCONFIGLIB_value=
ac_cv_env_LDFLAGS_set=
ac_cv_env_LDFLAGS_value=
ac_cv_env_LIBS_set=
ac_cv_env_LIBS_value=
ac_cv_env_LT_SYS_LIBRARY_PATH_set=
ac_cv_env_LT_SYS_LIBRARY_PATH_value=
ac_cv_env_NDNCPPDIR_set=
ac_cv_env_NDNCPPDIR_value=
ac_cv_env_NDNCPPLIB_set=
ac_cv_env_NDNCPPLIB_value=
ac_cv_env_OBJCFLAGS_set=
ac_cv_env_OBJCFLAGS_value=
ac_cv_env_OBJCXXFLAGS_set=
ac_cv_env_OBJCXXFLAGS_value=
ac_cv_env_OBJCXX_set=
ac_cv_env_OBJCXX_value=
ac_cv_env_OBJC_set=
ac_cv_env_OBJC_value=
ac_cv_env_OPENFECDIR_set=
ac_cv_env_OPENFECDIR_value=
ac_cv_env_OPENFECLIB_set=
ac_cv_env_OPENFECLIB_value=
ac_cv_env_OPENFECSRC_set=
ac_cv_env_OPENFECSRC_value=
ac_cv_env_WEBRTCDIR_set=
ac_cv_env_WEBRTCDIR_value=
ac_cv_env_WEBRTCLIB_set=
ac_cv_env_WEBRTCLIB_value=
ac_cv_env_WEBRTCSRC_set=
ac_cv_env_WEBRTCSRC_value=
ac_cv_env_build_alias_set=
ac_cv_env_build_alias_value=
ac_cv_env_host_alias_set=
ac_cv_env_host_alias_value=
ac_cv_env_target_alias_set=
ac_cv_env_target_alias_value=
ac_cv_func_gettimeofday=yes
ac_cv_func_memset=yes
ac_cv_func_sqrt=yes
ac_cv_func_strstr=yes
ac_cv_header_dlfcn_h=yes
ac_cv_header_inttypes_h=yes
ac_cv_header_lib_common_of_openfec_api_h=yes
ac_cv_header_memory_h=yes
ac_cv_header_ndn_cpp_interest_hpp=yes
ac_cv_header_stdbool_h=yes
ac_cv_header_stdc=yes
ac_cv_header_stdint_h=yes
ac_cv_header_stdlib_h=yes
ac_cv_header_string_h=yes
ac_cv_header_strings_h=yes
ac_cv_header_sys_stat_h=yes
ac_cv_header_sys_time_h=yes
ac_cv_header_sys_types_h=yes
ac_cv_header_unistd_h=yes
ac_cv_host=x86_64-unknown-linux-gnu
ac_cv_lib_openfec_of_create_codec_instance=yes
ac_cv_objc_compiler_gnu=no
ac_cv_objcxx_compiler_gnu=no
ac_cv_objext=o
ac_cv_path_EGREP='/bin/grep -E'
ac_cv_path_FGREP='/bin/grep -F'
ac_cv_path_GREP=/bin/grep
ac_cv_path_SED=/bin/sed
ac_cv_path_install='/usr/bin/install -c'
ac_cv_path_lt_DD=/bin/dd
ac_cv_path_mkdir=/bin/mkdir
ac_cv_prog_AWK=mawk
ac_cv_prog_CPP='gcc -E'
ac_cv_prog_CXXCPP='g++ -E'
ac_cv_prog_TAR=tar
ac_cv_prog_WGET=wget
ac_cv_prog_ac_ct_AR=ar
ac_cv_prog_ac_ct_CC=gcc
ac_cv_prog_ac_ct_CXX=g++
ac_cv_prog_ac_ct_MANIFEST_TOOL=mt
ac_cv_prog_ac_ct_OBJC=gcc
ac_cv_prog_ac_ct_OBJCXX=g++
ac_cv_prog_ac_ct_OBJDUMP=objdump
ac_cv_prog_ac_ct_RANLIB=ranlib
ac_cv_prog_ac_ct_STRIP=strip
ac_cv_prog_cc_c89=
ac_cv_prog_cc_g=yes
ac_cv_prog_cxx_g=yes
ac_cv_prog_make_make_set=yes
ac_cv_prog_objc_g=no
ac_cv_prog_objcxx_g=no
ac_cv_type__Bool=no
am_cv_CC_dependencies_compiler_type=gcc3
am_cv_CXX_dependencies_compiler_type=gcc3
am_cv_OBJCXX_dependencies_compiler_type=gcc3
am_cv_OBJC_dependencies_compiler_type=gcc3
am_cv_ar_interface=ar
am_cv_make_support_nested_variables=yes
am_cv_prog_cc_c_o=yes
ax_cv_cxx_compile_cxx11=no
ax_cv_cxx_compile_cxx11__std_gnupp11=yes
lt_cv_ar_at_file=@
lt_cv_archive_cmds_need_lc=no
lt_cv_deplibs_check_method=pass_all
lt_cv_file_magic_cmd='$MAGIC_CMD'
lt_cv_file_magic_test_file=
lt_cv_ld_reload_flag=-r
lt_cv_nm_interface='BSD nm'
lt_cv_objdir=.libs
lt_cv_path_LD=/usr/bin/ld
lt_cv_path_LDCXX='/usr/bin/ld -m elf_x86_64'
lt_cv_path_NM='/usr/bin/nm -B'
lt_cv_path_mainfest_tool=no
lt_cv_prog_compiler_c_o=yes
lt_cv_prog_compiler_c_o_CXX=yes
lt_cv_prog_compiler_pic='-fPIC -DPIC'
lt_cv_prog_compiler_pic_CXX='-fPIC -DPIC'
lt_cv_prog_compiler_pic_works=yes
lt_cv_prog_compiler_pic_works_CXX=yes
lt_cv_prog_compiler_rtti_exceptions=no
lt_cv_prog_compiler_static_works=yes
lt_cv_prog_compiler_static_works_CXX=yes
lt_cv_prog_gnu_ld=yes
lt_cv_prog_gnu_ldcxx=yes
lt_cv_sharedlib_from_linklib_cmd='printf %s\n'
lt_cv_shlibpath_overrides_runpath=no
lt_cv_sys_global_symbol_pipe='sed -n -e '\''s/^.*[	 ]\([ABCDGIRSTW][ABCDGIRSTW]*\)[	 ][	 ]*\([_A-Za-z][_A-Za-z0-9]*\)$/\1 \2 \2/p'\'' | sed '\''/ __gnu_lto/d'\'''
lt_cv_sys_global_symbol_to_c_name_address='sed -n -e '\''s/^: \(.*\) .*$/  {"\1", (void *) 0},/p'\'' -e '\''s/^[ABCDGIRSTW][ABCDGIRSTW]* .* \(.*\)$/  {"\1", (void *) \&\1},/p'\'''
lt_cv_sys_global_symbol_to_c_name_address_lib_prefix='sed -n -e '\''s/^: \(.*\) .*$/  {"\1", (void *) 0},/p'\'' -e '\''s/^[ABCDGIRSTW][ABCDGIRSTW]* .* \(lib.*\)$/  {"\1", (void *) \&\1},/p'\'' -e '\''s/^[ABCDGIRSTW][ABCDGIRSTW]* .* \(.*\)$/  {"lib\1", (void *) \&\1},/p'\'''
lt_cv_sys_global_symbol_to_cdecl='sed -n -e '\''s/^T .* \(.*\)$/extern int \1();/p'\'' -e '\''s/^[ABCDGIRSTW][ABCDGIRSTW]* .* \(.*\)$/extern char \1;/p'\'''
lt_cv_sys_global_symbol_to_import=
lt_cv_sys_max_cmd_len=3458764513820540925
lt_cv_to_host_file_cmd=func_convert_file_noop
lt_cv_to_tool_file_cmd=func_convert_file_noop
lt_cv_truncate_bin='/bin/dd bs=4096 count=1'

## ----------------- ##
## Output variables. ##
## ----------------- ##

ACLOCAL='${SHELL} /home/yuanjieli/Desktop/ndnrtc/cpp/missing aclocal-1.15'
AMDEPBACKSLASH='\'
AMDEP_FALSE='#'
AMDEP_TRUE=''
AMTAR='$${TAR-tar}'
AM_BACKSLASH='\'
AM_DEFAULT_V='$(AM_DEFAULT_VERBOSITY)'
AM_DEFAULT_VERBOSITY='0'
AM_V='$(V)'
AR='ar'
AUTOCONF='${SHELL} /home/yuanjieli/Desktop/ndnrtc/cpp/missing autoconf'
AUTOHEADER='${SHELL} /home/yuanjieli/Desktop/ndnrtc/cpp/missing autoheader'
AUTOMAKE='${SHELL} /home/yuanjieli/Desktop/ndnrtc/cpp/missing automake-1.15'
AWK='mawk'
BOOSTDIR='/usr/local/include'
BOOSTLIB='/usr/local/lib'
CC='gcc'
CCDEPMODE='depmode=gcc3'
CFLAGS='-g -O2'
CPP='gcc -E'
CPPFLAGS='-DWEBRTC_POSIX -DBOOST_ASIO_DISABLE_STD_CHRONO'
CXX='g++'
CXXCPP='g++ -E'
CXXDEPMODE='depmode=gcc3'
CXXFLAGS='-DWEBRTC_POSIX -DBOOST_ASIO_DISABLE_STD_CHRONO -std=gnu++11'
CYGPATH_W='echo'
DEFS='-DPACKAGE_NAME=\"NDN-RTC\" -DPACKAGE_TARNAME=\"ndnrtc\" -DPACKAGE_VERSION=\"2.0.0\" -DPACKAGE_STRING=\"NDN-RTC\ 2.0.0\" -DPACKAGE_BUGREPORT=\"peter@remap.ucla.edu\" -DPACKAGE_URL=\"https://github.com/remap/ndnrtc\" -DNDN_LOGGING=1 -DNDN_TRACE=1 -DNDN_INFO=1 -DNDN_WARN=1 -DNDN_ERROR=1 -DNDN_DEBUG=1 -DSTDC_HEADERS=1 -DHAVE_SYS_TYPES_H=1 -DHAVE_SYS_STAT_H=1 -DHAVE_STDLIB_H=1 -DHAVE_STRING_H=1 -DHAVE_MEMORY_H=1 -DHAVE_STRINGS_H=1 -DHAVE_INTTYPES_H=1 -DHAVE_STDINT_H=1 -DHAVE_UNISTD_H=1 -DHAVE_DLFCN_H=1 -DLT_OBJDIR=\".libs/\" -DHAVE_STDINT_H=1 -DHAVE_STDLIB_H=1 -DHAVE_STRING_H=1 -DHAVE_SYS_TIME_H=1 -DHAVE_UNISTD_H=1 -DHAVE_CXX11=1 -DHAVE_GETTIMEOFDAY=1 -DHAVE_MEMSET=1 -DHAVE_SQRT=1 -DHAVE_STRSTR=1 -DHAVE_NDN_CPP_INTEREST_HPP=1 -DHAVE_LIB_COMMON_OF_OPENFEC_API_H=1 -DHAVE_LIBOPENFEC=1'
DEPDIR='.deps'
DLLTOOL='false'
DSYMUTIL=''
DUMPBIN=''
ECHO_C=''
ECHO_N='-n'
ECHO_T=''
EGREP='/bin/grep -E'
EXEEXT=''
FGREP='/bin/grep -F'
GREP='/bin/grep'
HAVE_CXX11='1'
INSTALL_DATA='${INSTALL} -m 644'
INSTALL_PROGRAM='${INSTALL}'
INSTALL_SCRIPT='${INSTALL}'
INSTALL_STRIP_PROGRAM='$(install_sh) -c -s'
LCONFIGDIR='/usr/local/include'
LCONFIGLIB='/usr/local/lib'
LD='/usr/bin/ld -m elf_x86_64'
LDFLAGS=''
LIBOBJS=''
LIBS=''
LIBTOOL='$(SHELL) $(top_builddir)/libtool'
LIPO=''
LN_S='ln -s'
LTLIBOBJS=''
LT_SYS_LIBRARY_PATH=''
MAINT='#'
MAINTAINER_MODE_FALSE=''
MAINTAINER_MODE_TRUE='#'
MAKEINFO='${SHELL} /home/yuanjieli/Desktop/ndnrtc/cpp/missing makeinfo'
MANIFEST_TOOL=':'
MKDIR_P='/bin/mkdir -p'
NDNCPPDIR='/home/yuanjieli/Desktop/ndn-cpp/build/include'
NDNCPPLIB='/home/yuanjieli/Desktop/ndn-cpp/build/lib'
NM='/usr/bin/nm -B'
NMEDIT=''
OBJC='gcc'
OBJCDEPMODE='depmode=gcc3'
OBJCFLAGS=''
OBJCXX='g++'
OBJCXXDEPMODE='depmode=gcc3'
OBJCXXFLAGS=''
OBJDUMP='objdump'
OBJEXT='o'
OPENFECDIR='/home/yuanjieli/Desktop/openfec_v1.4.2'
OPENFECLIB='/home/yuanjieli/Desktop/openfec_v1.4.2/bin/Release'
OPENFECSRC='/home/yuanjieli/Desktop/openfec_v1.4.2/src'
OS_ANDROID_FALSE=''
OS_ANDROID_TRUE='#'
OS_BSD_FALSE=''
OS_BSD_TRUE='#'
OS_DARWIN_FALSE=''
OS_DARWIN_TRUE='#'
OS_LINUX_FALSE='#'
OS_LINUX_TRUE=''
OTOOL64=''
OTOOL=''
PACKAGE='ndnrtc'
PACKAGE_BUGREPORT='peter@remap.ucla.edu'
PACKAGE_NAME='NDN-RTC'
PACKAGE_STRING='NDN-RTC 2.0.0'
PACKAGE_TARNAME='ndnrtc'
PACKAGE_URL='https://github.com/remap/ndnrtc'
PACKAGE_VERSION='2.0.0'
PATH_SEPARATOR=':'
RANLIB='ranlib'
SED='/bin/sed'
SET_MAKE=''
SHELL='/bin/bash'
STRIP='strip'
TAR='tar'
VERSION='2.0.0'
WEBRTCDIR='/home/yuanjieli/Desktop/webrtc/webrtc-checkout/src'
WEBRTCLIB='/home/yuanjieli/Desktop/webrtc/webrtc-checkout/src/out/Release/obj/webrtc'
WEBRTCLIBS='-lwebrtc'
WEBRTCSRC='/home/yuanjieli/Desktop/webrtc/webrtc-checkout/src/webrtc'
WGET='wget -q'
ac_ct_AR='ar'
ac_ct_CC='gcc'
ac_ct_CXX='g++'
ac_ct_DUMPBIN=''
ac_ct_OBJC='gcc'
ac_ct_OBJCXX='g++'
am__EXEEXT_FALSE=''
am__EXEEXT_TRUE='#'
am__fastdepCC_FALSE='#'
am__fastdepCC_TRUE=''
am__fastdepCXX_FALSE='#'
am__fastdepCXX_TRUE=''
am__fastdepOBJCXX_FALSE='#'
am__fastdepOBJCXX_TRUE=''
am__fastdepOBJC_FALSE='#'
am__fastdepOBJC_TRUE=''
am__include='include'
am__isrc=''
am__leading_dot='.'
am__nodep='_no'
am__quote=''
am__tar='$${TAR-tar} chof - "$$tardir"'
am__untar='$${TAR-tar} xf -'
bindir='${exec_prefix}/bin'
build='x86_64-unknown-linux-gnu'
build_alias=''
build_cpu='x86_64'
build_os='linux-gnu'
build_vendor='unknown'
datadir='${datarootdir}'
datarootdir='${prefix}/share'
docdir='${datarootdir}/doc/${PACKAGE_TARNAME}'
dvidir='${docdir}'
exec_prefix='${prefix}'
host='x86_64-unknown-linux-gnu'
host_alias=''
host_cpu='x86_64'
host_os='linux-gnu'
host_vendor='unknown'
htmldir='${docdir}'
includedir='${prefix}/include'
infodir='${datarootdir}/info'
install_sh='${SHELL} /home/yuanjieli/Desktop/ndnrtc/cpp/install-sh'
libdir='${exec_prefix}/lib'
libexecdir='${exec_prefix}/libexec'
localedir='${datarootdir}/locale'
localstatedir='${prefix}/var'
mandir='${datarootdir}/man'
mkdir_p='$(MKDIR_P)'
oldincludedir='/usr/include'
pdfdir='${docdir}'
prefix='/home/yuanjieli/Desktop/ndnrtc/cpp/build'
program_transform_name='s,x,x,'
psdir='${docdir}'
sbindir='${exec_prefix}/sbin'
sharedstatedir='${prefix}/com'
sysconfdir='${prefix}/etc'
target_alias=''

## ----------- ##
## confdefs.h. ##
## ----------- ##

/* confdefs.h */
#define PACKAGE_NAME "NDN-RTC"
#define PACKAGE_TARNAME "ndnrtc"
#define PACKAGE_VERSION "2.0.0"
#define PACKAGE_STRING "NDN-RTC 2.0.0"
#define PACKAGE_BUGREPORT "peter@remap.ucla.edu"
#define PACKAGE_URL "https://github.com/remap/ndnrtc"
#define NDN_LOGGING 1
#define NDN_TRACE 1
#define NDN_INFO 1
#define NDN_WARN 1
#define NDN_ERROR 1
#define NDN_DEBUG 1
#define STDC_HEADERS 1
#define HAVE_SYS_TYPES_H 1
#define HAVE_SYS_STAT_H 1
#define HAVE_STDLIB_H 1
#define HAVE_STRING_H 1
#define HAVE_MEMORY_H 1
#define HAVE_STRINGS_H 1
#define HAVE_INTTYPES_H 1
#define HAVE_STDINT_H 1
#define HAVE_UNISTD_H 1
#define HAVE_DLFCN_H 1
#define LT_OBJDIR ".libs/"
#define HAVE_STDINT_H 1
#define HAVE_STDLIB_H 1
#define HAVE_STRING_H 1
#define HAVE_SYS_TIME_H 1
#define HAVE_UNISTD_H 1
#define HAVE_CXX11 1
#define HAVE_GETTIMEOFDAY 1
#define HAVE_MEMSET 1
#define HAVE_SQRT 1
#define HAVE_STRSTR 1
#define HAVE_NDN_CPP_INTEREST_HPP 1
#define HAVE_LIB_COMMON_OF_OPENFEC_API_H 1
#define HAVE_LIBOPENFEC 1

configure: exit 0

## ---------------------- ##
## Running config.status. ##
## ---------------------- ##

This file was extended by NDN-RTC config.status 2.0.0, which was
generated by GNU Autoconf 2.69.  Invocation command line was

  CONFIG_FILES    = 
  CONFIG_HEADERS  = 
  CONFIG_LINKS    = 
  CONFIG_COMMANDS = 
  $ ./config.status 

on ubuntu

config.status:1126: creating Makefile
config.status:1310: linking tests/default.cfg to client/params.cfg
config.status:1310: linking tests/sample-consumer.cfg to client/sample-consumer.cfg
config.status:1310: linking tests/sample-producer.cfg to client/sample-producer.cfg
config.status:1310: linking tests/test-freeculture.cfg to client/test-freeculture.cfg
config.status:1329: executing depfiles commands
config.status:1329: executing libtool commands
